<?xml version="1.0" encoding="UTF-8"?>
<testng-results skipped="0" failed="0" ignored="0" total="3" passed="3">
  <reporter-output>
  </reporter-output>
  <suite name="Default suite" duration-ms="5178" started-at="2021-11-14T08:08:50Z" finished-at="2021-11-14T08:08:56Z">
    <groups>
    </groups>
    <test name="Default test" duration-ms="5178" started-at="2021-11-14T08:08:50Z" finished-at="2021-11-14T08:08:56Z">
      <class name="Sel_basic.NewTest">
        <test-method status="PASS" signature="Test1(java.lang.String, java.lang.String)[pri:0, instance:Sel_basic.NewTest@56f4468b]" name="Test1" duration-ms="2080" started-at="2021-11-14T13:38:50Z" data-provider="dp" finished-at="2021-11-14T13:38:53Z">
          <params>
            <param index="0">
              <value>
                <![CDATA[kiran@gmail.com]]>
              </value>
            </param>
            <param index="1">
              <value>
                <![CDATA[123456]]>
              </value>
            </param>
          </params>
          <reporter-output>
          </reporter-output>
        </test-method> <!-- Test1 -->
        <test-method status="PASS" signature="Test1(java.lang.String, java.lang.String)[pri:0, instance:Sel_basic.NewTest@56f4468b]" name="Test1" duration-ms="1612" started-at="2021-11-14T13:38:53Z" data-provider="dp" finished-at="2021-11-14T13:38:54Z">
          <params>
            <param index="0">
              <value>
                <![CDATA[sunny@gmail.com]]>
              </value>
            </param>
            <param index="1">
              <value>
                <![CDATA[1234]]>
              </value>
            </param>
          </params>
          <reporter-output>
          </reporter-output>
        </test-method> <!-- Test1 -->
        <test-method status="PASS" signature="Test1(java.lang.String, java.lang.String)[pri:0, instance:Sel_basic.NewTest@56f4468b]" name="Test1" duration-ms="1471" started-at="2021-11-14T13:38:54Z" data-provider="dp" finished-at="2021-11-14T13:38:56Z">
          <params>
            <param index="0">
              <value>
                <![CDATA[sanket@gmail.com]]>
              </value>
            </param>
            <param index="1">
              <value>
                <![CDATA[2233]]>
              </value>
            </param>
          </params>
          <reporter-output>
          </reporter-output>
        </test-method> <!-- Test1 -->
      </class> <!-- Sel_basic.NewTest -->
    </test> <!-- Default test -->
  </suite> <!-- Default suite -->
</testng-results>
